<?xml version="1.0" encoding="UTF-8"?>
<!-- Generated by org.testng.reporters.JUnitReportReporter -->
<testsuite hostname="Yogesh-Laptop-01" failures="0" tests="4" name="com.qa.Google.tests.YouTubePageTest" time="37.971" errors="0" timestamp="2022-12-20T22:40:09 IST" skipped="0">
  <testcase classname="com.qa.Google.tests.YouTubePageTest" name="GoogleProductPageSetup" time="0.130"/>
  <system-out/>
  <testcase classname="com.qa.Google.tests.YouTubePageTest" name="openMapPage" time="1.046"/>
  <system-out/>
  <testcase classname="com.qa.Google.tests.YouTubePageTest" name="youTubePagettitleTest" time="0.030"/>
  <system-out/>
  <testcase classname="com.qa.Google.tests.YouTubePageTest" name="doLoginYouTubePage" time="36.765"/>
  <system-out/>
</testsuite> <!-- com.qa.Google.tests.YouTubePageTest -->
