<?xml version="1.0" encoding="UTF-8"?>
<!-- Generated by org.testng.reporters.JUnitReportReporter -->
<testsuite hostname="Yogesh-Laptop-01" failures="0" tests="4" name="com.qa.Google.tests.GoogleMapPageTest" time="31.696" errors="0" timestamp="2022-12-20T22:40:09 IST" skipped="0">
  <testcase classname="com.qa.Google.tests.GoogleMapPageTest" name="GoogleProductPageSetup" time="0.130"/>
  <system-out/>
  <testcase classname="com.qa.Google.tests.GoogleMapPageTest" name="openMapPage" time="1.172"/>
  <system-out/>
  <testcase classname="com.qa.Google.tests.GoogleMapPageTest" name="MapPagettitleTest" time="0.024"/>
  <system-out/>
  <testcase classname="com.qa.Google.tests.GoogleMapPageTest" name="doLoginMapPage" time="30.370"/>
  <system-out/>
</testsuite> <!-- com.qa.Google.tests.GoogleMapPageTest -->
