<?xml version="1.0" encoding="UTF-8"?>
<!-- Generated by org.testng.reporters.JUnitReportReporter -->
<testsuite hostname="Yogesh-Laptop-01" failures="0" tests="8" name="com.qa.Google.tests.GoogleSearchPageTest" time="29.298" errors="0" timestamp="2022-12-20T22:40:09 IST" skipped="0">
  <testcase classname="com.qa.Google.tests.GoogleSearchPageTest" name="GoogleProductPageSetup" time="0.112"/>
  <system-out/>
  <testcase classname="com.qa.Google.tests.GoogleSearchPageTest" name="openSearchPage" time="1.077"/>
  <system-out/>
  <testcase classname="com.qa.Google.tests.GoogleSearchPageTest" name="verifyButtonsIsExist" time="0.770"/>
  <system-out/>
  <testcase classname="com.qa.Google.tests.GoogleSearchPageTest" name="SelectMarathiLangauge" time="2.219"/>
  <system-out/>
  <testcase classname="com.qa.Google.tests.GoogleSearchPageTest" name="SelectHindiLangauge" time="2.096"/>
  <system-out/>
  <testcase classname="com.qa.Google.tests.GoogleSearchPageTest" name="SelectEnglishLangauge" time="2.173"/>
  <system-out/>
  <testcase classname="com.qa.Google.tests.GoogleSearchPageTest" name="Search_Amitabh_Bachchan" time="7.799"/>
  <system-out/>
  <testcase classname="com.qa.Google.tests.GoogleSearchPageTest" name="ProductsAllExist" time="13.052"/>
  <system-out/>
</testsuite> <!-- com.qa.Google.tests.GoogleSearchPageTest -->
