<?xml version="1.0" encoding="UTF-8"?>
<!-- Generated by org.testng.reporters.JUnitReportReporter -->
<testsuite hostname="Yogesh-Laptop-01" failures="0" tests="9" name="com.qa.Google.tests.GmailPageTest" time="42.807" errors="0" timestamp="2022-12-20T22:40:09 IST" skipped="0">
  <testcase classname="com.qa.Google.tests.GmailPageTest" name="GoogleProductPageSetup" time="0.101"/>
  <system-out/>
  <testcase classname="com.qa.Google.tests.GmailPageTest" name="openGmailPage" time="3.775"/>
  <system-out/>
  <testcase classname="com.qa.Google.tests.GmailPageTest" name="GmailPagettitleTest" time="0.020"/>
  <system-out/>
  <testcase classname="com.qa.Google.tests.GmailPageTest" name="doLoginGmailPage" time="15.258"/>
  <system-out/>
  <testcase classname="com.qa.Google.tests.GmailPageTest" name="VerifyTotalNumbersOfEmailRecived" time="5.104"/>
  <system-out/>
  <testcase classname="com.qa.Google.tests.GmailPageTest" name="VerifyTotalNumbersOfEmailIsStar" time="5.316"/>
  <system-out/>
  <testcase classname="com.qa.Google.tests.GmailPageTest" name="VerifyTotalReadEmails" time="4.988"/>
  <system-out/>
  <testcase classname="com.qa.Google.tests.GmailPageTest" name="VerifyTotalUnReadEmails" time="4.533"/>
  <system-out/>
  <testcase classname="com.qa.Google.tests.GmailPageTest" name="VerifyAndSendComoposeEmail" time="3.712"/>
  <system-out/>
</testsuite> <!-- com.qa.Google.tests.GmailPageTest -->
