<?xml version="1.0" encoding="UTF-8"?>
<!-- Generated by org.testng.reporters.JUnitReportReporter -->
<testsuite hostname="Yogesh-Laptop-01" failures="0" tests="4" name="com.qa.Google.tests.GoogleWebPageTest" time="0.299" errors="0" timestamp="2022-12-20T22:40:09 IST" skipped="0">
  <testcase classname="com.qa.Google.tests.GoogleWebPageTest" name="launchGooglePage" time="0.053"/>
  <system-out/>
  <testcase classname="com.qa.Google.tests.GoogleWebPageTest" name="WebPageUrlTest" time="0.010"/>
  <system-out/>
  <testcase classname="com.qa.Google.tests.GoogleWebPageTest" name="verifyTitlebarBtn" time="0.084"/>
  <system-out/>
  <testcase classname="com.qa.Google.tests.GoogleWebPageTest" name="verifyBtn" time="0.152"/>
  <system-out/>
</testsuite> <!-- com.qa.Google.tests.GoogleWebPageTest -->
