<?xml version="1.0" encoding="UTF-8"?>
<!-- Generated by org.testng.reporters.JUnitReportReporter -->
<testsuite hostname="Yogesh-Laptop-01" failures="0" tests="4" name="com.qa.Google.tests.NewsPageTest" time="18.931" errors="0" timestamp="2022-12-20T22:40:09 IST" skipped="0">
  <testcase classname="com.qa.Google.tests.NewsPageTest" name="GoogleProductPageSetup" time="0.155"/>
  <system-out/>
  <testcase classname="com.qa.Google.tests.NewsPageTest" name="openPlayStorePage" time="1.726"/>
  <system-out/>
  <testcase classname="com.qa.Google.tests.NewsPageTest" name="PlayStorePagettitleTest" time="2.480"/>
  <system-out/>
  <testcase classname="com.qa.Google.tests.NewsPageTest" name="doLoginPlayStorePage" time="14.570"/>
  <system-out/>
</testsuite> <!-- com.qa.Google.tests.NewsPageTest -->
