<?xml version="1.0" encoding="UTF-8"?>
<!-- Generated by org.testng.reporters.JUnitReportReporter -->
<testsuite hostname="Yogesh-Laptop-01" failures="0" tests="5" name="com.qa.Google.tests.GoogleAccountPageTest" time="44.297" errors="0" timestamp="2022-12-20T22:40:09 IST" skipped="0">
  <testcase classname="com.qa.Google.tests.GoogleAccountPageTest" name="GoogleProductPageSetup" time="0.118"/>
  <system-out/>
  <testcase classname="com.qa.Google.tests.GoogleAccountPageTest" name="openGoogleAccount" time="1.771"/>
  <system-out/>
  <testcase classname="com.qa.Google.tests.GoogleAccountPageTest" name="GoogleAccountLogoExist" time="3.492"/>
  <system-out/>
  <testcase classname="com.qa.Google.tests.GoogleAccountPageTest" name="loginPageTitleTest" time="0.021"/>
  <system-out/>
  <testcase classname="com.qa.Google.tests.GoogleAccountPageTest" name="doLoginGoogleAccount" time="38.895"/>
  <system-out/>
</testsuite> <!-- com.qa.Google.tests.GoogleAccountPageTest -->
