<?xml version="1.0" encoding="UTF-8"?>
<!-- Generated by org.testng.reporters.JUnitReportReporter -->
<testsuite hostname="Yogesh-Laptop-01" failures="0" tests="4" name="com.qa.Google.tests.PlayStorePageTest" time="19.510" errors="0" timestamp="2022-12-20T22:40:09 IST" skipped="0">
  <testcase classname="com.qa.Google.tests.PlayStorePageTest" name="GoogleProductPageSetup" time="0.101"/>
  <system-out/>
  <testcase classname="com.qa.Google.tests.PlayStorePageTest" name="openPlayStorePage" time="1.985"/>
  <system-out/>
  <testcase classname="com.qa.Google.tests.PlayStorePageTest" name="PlayStorePagettitleTest" time="2.022"/>
  <system-out/>
  <testcase classname="com.qa.Google.tests.PlayStorePageTest" name="doLoginPlayStorePage" time="15.402"/>
  <system-out/>
</testsuite> <!-- com.qa.Google.tests.PlayStorePageTest -->
